<?xml version="1.0" encoding="UTF-8"?>
<testng-results skipped="0" failed="0" ignored="0" total="9" passed="9">
  <reporter-output>
  </reporter-output>
  <suite name="TestSuite" duration-ms="164867" started-at="2019-10-09T16:26:26 CDT" finished-at="2019-10-09T16:29:11 CDT">
    <groups>
      <group name="functest">
        <method signature="EditProfileScript2.EditProfile()[pri:1, instance:com.hexaware.testscripts.execSuite.EditProfileScript2@18eed359]" name="EditProfile" class="com.hexaware.testscripts.execSuite.EditProfileScript2"/>
        <method signature="LoginScripts.login1()[pri:0, instance:com.hexaware.testscripts.execSuite.LoginScripts@6536e911]" name="login1" class="com.hexaware.testscripts.execSuite.LoginScripts"/>
        <method signature="ProfileInformationScripts.scenario1()[pri:0, instance:com.hexaware.testscripts.execSuite.ProfileInformationScripts@520a3426]" name="scenario1" class="com.hexaware.testscripts.execSuite.ProfileInformationScripts"/>
        <method signature="ProjectCreationScript.scenario2()[pri:2, instance:com.hexaware.testscripts.execSuite.ProjectCreationScript@3e9b1010]" name="scenario2" class="com.hexaware.testscripts.execSuite.ProjectCreationScript"/>
        <method signature="ProjectSetupGUI.scenario1()[pri:1, instance:com.hexaware.testscripts.execSuite.ProjectSetupGUI@6f1fba17]" name="scenario1" class="com.hexaware.testscripts.execSuite.ProjectSetupGUI"/>
        <method signature="ProjectSetupGUI.scenario8()[pri:8, instance:com.hexaware.testscripts.execSuite.ProjectSetupGUI@6f1fba17]" name="scenario8" class="com.hexaware.testscripts.execSuite.ProjectSetupGUI"/>
        <method signature="UPMScript.scenario1()[pri:1, instance:com.hexaware.testscripts.execSuite.UPMScript@6c3708b3]" name="scenario1" class="com.hexaware.testscripts.execSuite.UPMScript"/>
        <method signature="UserDel.scenario1()[pri:1, instance:com.hexaware.testscripts.execSuite.UserDel@185d8b6]" name="scenario1" class="com.hexaware.testscripts.execSuite.UserDel"/>
        <method signature="UserRegistratio.scenario1()[pri:0, instance:com.hexaware.testscripts.execSuite.UserRegistratio@6b09bb57]" name="scenario1" class="com.hexaware.testscripts.execSuite.UserRegistratio"/>
      </group> <!-- functest -->
    </groups>
    <test name="Test" duration-ms="164867" started-at="2019-10-09T16:26:26 CDT" finished-at="2019-10-09T16:29:11 CDT">
      <class name="com.hexaware.testscripts.execSuite.EditProfileScript2">
        <test-method status="PASS" signature="setup()[pri:0, instance:com.hexaware.testscripts.execSuite.EditProfileScript2@18eed359]" name="setup" is-config="true" duration-ms="7718" started-at="2019-10-09T16:27:08 CDT" finished-at="2019-10-09T16:27:15 CDT">
          <reporter-output>
          </reporter-output>
        </test-method> <!-- setup -->
        <test-method status="PASS" signature="EditProfile()[pri:1, instance:com.hexaware.testscripts.execSuite.EditProfileScript2@18eed359]" name="EditProfile" duration-ms="18211" started-at="2019-10-09T16:27:15 CDT" finished-at="2019-10-09T16:27:33 CDT">
          <reporter-output>
          </reporter-output>
        </test-method> <!-- EditProfile -->
        <test-method status="PASS" signature="tearDown(org.testng.ITestResult)[pri:0, instance:com.hexaware.testscripts.execSuite.EditProfileScript2@18eed359]" name="tearDown" is-config="true" duration-ms="3614" started-at="2019-10-09T16:27:33 CDT" finished-at="2019-10-09T16:27:37 CDT">
          <params>
            <param index="0">
              <value>
                <![CDATA[[TestResult name=EditProfile status=SUCCESS method=EditProfileScript2.EditProfile()[pri:1, instance:com.hexaware.testscripts.execSuite.EditProfileScript2@18eed359] output={null}]]]>
              </value>
            </param>
          </params>
          <reporter-output>
          </reporter-output>
        </test-method> <!-- tearDown -->
      </class> <!-- com.hexaware.testscripts.execSuite.EditProfileScript2 -->
      <class name="com.hexaware.testscripts.execSuite.UPMScript">
        <test-method status="PASS" signature="setup()[pri:0, instance:com.hexaware.testscripts.execSuite.UPMScript@6c3708b3]" name="setup" is-config="true" duration-ms="7093" started-at="2019-10-09T16:27:54 CDT" finished-at="2019-10-09T16:28:01 CDT">
          <reporter-output>
          </reporter-output>
        </test-method> <!-- setup -->
        <test-method status="PASS" signature="scenario1()[pri:1, instance:com.hexaware.testscripts.execSuite.UPMScript@6c3708b3]" name="scenario1" duration-ms="9137" started-at="2019-10-09T16:28:01 CDT" finished-at="2019-10-09T16:28:10 CDT">
          <reporter-output>
          </reporter-output>
        </test-method> <!-- scenario1 -->
        <test-method status="PASS" signature="tearDown(org.testng.ITestResult)[pri:0, instance:com.hexaware.testscripts.execSuite.UPMScript@6c3708b3]" name="tearDown" is-config="true" duration-ms="3660" started-at="2019-10-09T16:28:10 CDT" finished-at="2019-10-09T16:28:14 CDT">
          <params>
            <param index="0">
              <value>
                <![CDATA[[TestResult name=scenario1 status=SUCCESS method=UPMScript.scenario1()[pri:1, instance:com.hexaware.testscripts.execSuite.UPMScript@6c3708b3] output={null}]]]>
              </value>
            </param>
          </params>
          <reporter-output>
          </reporter-output>
        </test-method> <!-- tearDown -->
      </class> <!-- com.hexaware.testscripts.execSuite.UPMScript -->
      <class name="com.hexaware.testscripts.execSuite.ProjectCreationScript">
        <test-method status="PASS" signature="setup()[pri:0, instance:com.hexaware.testscripts.execSuite.ProjectCreationScript@3e9b1010]" name="setup" is-config="true" duration-ms="8511" started-at="2019-10-09T16:27:37 CDT" finished-at="2019-10-09T16:27:46 CDT">
          <reporter-output>
          </reporter-output>
        </test-method> <!-- setup -->
        <test-method status="PASS" signature="scenario2()[pri:2, instance:com.hexaware.testscripts.execSuite.ProjectCreationScript@3e9b1010]" name="scenario2" duration-ms="4661" started-at="2019-10-09T16:27:46 CDT" finished-at="2019-10-09T16:27:50 CDT">
          <reporter-output>
          </reporter-output>
        </test-method> <!-- scenario2 -->
        <test-method status="PASS" signature="tearDown(org.testng.ITestResult)[pri:0, instance:com.hexaware.testscripts.execSuite.ProjectCreationScript@3e9b1010]" name="tearDown" is-config="true" duration-ms="3620" started-at="2019-10-09T16:27:50 CDT" finished-at="2019-10-09T16:27:54 CDT">
          <params>
            <param index="0">
              <value>
                <![CDATA[[TestResult name=scenario2 status=SUCCESS method=ProjectCreationScript.scenario2()[pri:2, instance:com.hexaware.testscripts.execSuite.ProjectCreationScript@3e9b1010] output={null}]]]>
              </value>
            </param>
          </params>
          <reporter-output>
          </reporter-output>
        </test-method> <!-- tearDown -->
      </class> <!-- com.hexaware.testscripts.execSuite.ProjectCreationScript -->
      <class name="com.hexaware.testscripts.execSuite.LoginScripts">
        <test-method status="PASS" signature="setup()[pri:0, instance:com.hexaware.testscripts.execSuite.LoginScripts@6536e911]" name="setup" is-config="true" duration-ms="9657" started-at="2019-10-09T16:26:44 CDT" finished-at="2019-10-09T16:26:53 CDT">
          <reporter-output>
          </reporter-output>
        </test-method> <!-- setup -->
        <test-method status="PASS" signature="login1()[pri:0, instance:com.hexaware.testscripts.execSuite.LoginScripts@6536e911]" name="login1" duration-ms="1252" started-at="2019-10-09T16:26:53 CDT" finished-at="2019-10-09T16:26:55 CDT">
          <reporter-output>
          </reporter-output>
        </test-method> <!-- login1 -->
        <test-method status="PASS" signature="tearDown(org.testng.ITestResult)[pri:0, instance:com.hexaware.testscripts.execSuite.LoginScripts@6536e911]" name="tearDown" is-config="true" duration-ms="1697" started-at="2019-10-09T16:26:55 CDT" finished-at="2019-10-09T16:26:56 CDT">
          <params>
            <param index="0">
              <value>
                <![CDATA[[TestResult name=login1 status=SUCCESS method=LoginScripts.login1()[pri:0, instance:com.hexaware.testscripts.execSuite.LoginScripts@6536e911] output={null}]]]>
              </value>
            </param>
          </params>
          <reporter-output>
          </reporter-output>
        </test-method> <!-- tearDown -->
      </class> <!-- com.hexaware.testscripts.execSuite.LoginScripts -->
      <class name="com.hexaware.testscripts.execSuite.UserDel">
        <test-method status="PASS" signature="setup()[pri:0, instance:com.hexaware.testscripts.execSuite.UserDel@185d8b6]" name="setup" is-config="true" duration-ms="7499" started-at="2019-10-09T16:28:53 CDT" finished-at="2019-10-09T16:29:01 CDT">
          <reporter-output>
          </reporter-output>
        </test-method> <!-- setup -->
        <test-method status="PASS" signature="scenario1()[pri:1, instance:com.hexaware.testscripts.execSuite.UserDel@185d8b6]" name="scenario1" duration-ms="8591" started-at="2019-10-09T16:29:01 CDT" finished-at="2019-10-09T16:29:09 CDT">
          <reporter-output>
          </reporter-output>
        </test-method> <!-- scenario1 -->
        <test-method status="PASS" signature="after(org.testng.ITestResult)[pri:0, instance:com.hexaware.testscripts.execSuite.UserDel@185d8b6]" name="after" is-config="true" duration-ms="1858" started-at="2019-10-09T16:29:09 CDT" finished-at="2019-10-09T16:29:11 CDT">
          <params>
            <param index="0">
              <value>
                <![CDATA[[TestResult name=scenario1 status=SUCCESS method=UserDel.scenario1()[pri:1, instance:com.hexaware.testscripts.execSuite.UserDel@185d8b6] output={null}]]]>
              </value>
            </param>
          </params>
          <reporter-output>
          </reporter-output>
        </test-method> <!-- after -->
      </class> <!-- com.hexaware.testscripts.execSuite.UserDel -->
      <class name="com.hexaware.testscripts.execSuite.UserRegistratio">
        <test-method status="PASS" signature="setup()[pri:0, instance:com.hexaware.testscripts.execSuite.UserRegistratio@6b09bb57]" name="setup" is-config="true" duration-ms="10689" started-at="2019-10-09T16:26:26 CDT" finished-at="2019-10-09T16:26:37 CDT">
          <reporter-output>
          </reporter-output>
        </test-method> <!-- setup -->
        <test-method status="PASS" signature="scenario1()[pri:0, instance:com.hexaware.testscripts.execSuite.UserRegistratio@6b09bb57]" name="scenario1" duration-ms="2675" started-at="2019-10-09T16:26:37 CDT" finished-at="2019-10-09T16:26:40 CDT">
          <reporter-output>
          </reporter-output>
        </test-method> <!-- scenario1 -->
        <test-method status="PASS" signature="tearDown(org.testng.ITestResult)[pri:0, instance:com.hexaware.testscripts.execSuite.UserRegistratio@6b09bb57]" name="tearDown" is-config="true" duration-ms="4016" started-at="2019-10-09T16:26:40 CDT" finished-at="2019-10-09T16:26:44 CDT">
          <params>
            <param index="0">
              <value>
                <![CDATA[[TestResult name=scenario1 status=SUCCESS method=UserRegistratio.scenario1()[pri:0, instance:com.hexaware.testscripts.execSuite.UserRegistratio@6b09bb57] output={null}]]]>
              </value>
            </param>
          </params>
          <reporter-output>
          </reporter-output>
        </test-method> <!-- tearDown -->
      </class> <!-- com.hexaware.testscripts.execSuite.UserRegistratio -->
      <class name="com.hexaware.testscripts.execSuite.ProfileInformationScripts">
        <test-method status="PASS" signature="setup()[pri:0, instance:com.hexaware.testscripts.execSuite.ProfileInformationScripts@520a3426]" name="setup" is-config="true" duration-ms="6873" started-at="2019-10-09T16:26:56 CDT" finished-at="2019-10-09T16:27:03 CDT">
          <reporter-output>
          </reporter-output>
        </test-method> <!-- setup -->
        <test-method status="PASS" signature="scenario1()[pri:0, instance:com.hexaware.testscripts.execSuite.ProfileInformationScripts@520a3426]" name="scenario1" duration-ms="2541" started-at="2019-10-09T16:27:03 CDT" finished-at="2019-10-09T16:27:06 CDT">
          <reporter-output>
          </reporter-output>
        </test-method> <!-- scenario1 -->
        <test-method status="PASS" signature="tearDown(org.testng.ITestResult)[pri:0, instance:com.hexaware.testscripts.execSuite.ProfileInformationScripts@520a3426]" name="tearDown" is-config="true" duration-ms="1706" started-at="2019-10-09T16:27:06 CDT" finished-at="2019-10-09T16:27:08 CDT">
          <params>
            <param index="0">
              <value>
                <![CDATA[[TestResult name=scenario1 status=SUCCESS method=ProfileInformationScripts.scenario1()[pri:0, instance:com.hexaware.testscripts.execSuite.ProfileInformationScripts@520a3426] output={null}]]]>
              </value>
            </param>
          </params>
          <reporter-output>
          </reporter-output>
        </test-method> <!-- tearDown -->
      </class> <!-- com.hexaware.testscripts.execSuite.ProfileInformationScripts -->
      <class name="com.hexaware.testscripts.execSuite.ProjectSetupGUI">
        <test-method status="PASS" signature="setup()[pri:0, instance:com.hexaware.testscripts.execSuite.ProjectSetupGUI@6f1fba17]" name="setup" is-config="true" duration-ms="7167" started-at="2019-10-09T16:28:14 CDT" finished-at="2019-10-09T16:28:21 CDT">
          <reporter-output>
          </reporter-output>
        </test-method> <!-- setup -->
        <test-method status="PASS" signature="scenario1()[pri:1, instance:com.hexaware.testscripts.execSuite.ProjectSetupGUI@6f1fba17]" name="scenario1" duration-ms="9441" started-at="2019-10-09T16:28:21 CDT" finished-at="2019-10-09T16:28:30 CDT">
          <reporter-output>
          </reporter-output>
        </test-method> <!-- scenario1 -->
        <test-method status="PASS" signature="tearDown(org.testng.ITestResult)[pri:0, instance:com.hexaware.testscripts.execSuite.ProjectSetupGUI@6f1fba17]" name="tearDown" is-config="true" duration-ms="1803" started-at="2019-10-09T16:28:30 CDT" finished-at="2019-10-09T16:28:32 CDT">
          <params>
            <param index="0">
              <value>
                <![CDATA[[TestResult name=scenario1 status=SUCCESS method=ProjectSetupGUI.scenario1()[pri:1, instance:com.hexaware.testscripts.execSuite.ProjectSetupGUI@6f1fba17] output={null}]]]>
              </value>
            </param>
          </params>
          <reporter-output>
          </reporter-output>
        </test-method> <!-- tearDown -->
        <test-method status="PASS" signature="setup()[pri:0, instance:com.hexaware.testscripts.execSuite.ProjectSetupGUI@6f1fba17]" name="setup" is-config="true" duration-ms="7937" started-at="2019-10-09T16:28:32 CDT" finished-at="2019-10-09T16:28:40 CDT">
          <reporter-output>
          </reporter-output>
        </test-method> <!-- setup -->
        <test-method status="PASS" signature="scenario8()[pri:8, instance:com.hexaware.testscripts.execSuite.ProjectSetupGUI@6f1fba17]" name="scenario8" duration-ms="11293" started-at="2019-10-09T16:28:40 CDT" finished-at="2019-10-09T16:28:51 CDT">
          <reporter-output>
          </reporter-output>
        </test-method> <!-- scenario8 -->
        <test-method status="PASS" signature="tearDown(org.testng.ITestResult)[pri:0, instance:com.hexaware.testscripts.execSuite.ProjectSetupGUI@6f1fba17]" name="tearDown" is-config="true" duration-ms="1893" started-at="2019-10-09T16:28:51 CDT" finished-at="2019-10-09T16:28:53 CDT">
          <params>
            <param index="0">
              <value>
                <![CDATA[[TestResult name=scenario8 status=SUCCESS method=ProjectSetupGUI.scenario8()[pri:8, instance:com.hexaware.testscripts.execSuite.ProjectSetupGUI@6f1fba17] output={null}]]]>
              </value>
            </param>
          </params>
          <reporter-output>
          </reporter-output>
        </test-method> <!-- tearDown -->
      </class> <!-- com.hexaware.testscripts.execSuite.ProjectSetupGUI -->
    </test> <!-- Test -->
  </suite> <!-- TestSuite -->
</testng-results>
