<?xml version="1.0" encoding="UTF-8"?>
<!-- Generated by org.testng.reporters.JUnitXMLReporter -->
<testsuite hostname="DESKTOP-C7FOANC" ignored="0" name="Test" tests="9" failures="0" timestamp="2019-10-09T16:29:11 CDT" time="164.867" errors="0">
  <testcase name="scenario1" time="2.675" classname="com.hexaware.testscripts.execSuite.UserRegistratio"/>
  <testcase name="login1" time="1.252" classname="com.hexaware.testscripts.execSuite.LoginScripts"/>
  <testcase name="scenario1" time="2.541" classname="com.hexaware.testscripts.execSuite.ProfileInformationScripts"/>
  <testcase name="EditProfile" time="18.211" classname="com.hexaware.testscripts.execSuite.EditProfileScript2"/>
  <testcase name="scenario2" time="4.661" classname="com.hexaware.testscripts.execSuite.ProjectCreationScript"/>
  <testcase name="scenario1" time="9.137" classname="com.hexaware.testscripts.execSuite.UPMScript"/>
  <testcase name="scenario1" time="9.441" classname="com.hexaware.testscripts.execSuite.ProjectSetupGUI"/>
  <testcase name="scenario8" time="11.293" classname="com.hexaware.testscripts.execSuite.ProjectSetupGUI"/>
  <testcase name="scenario1" time="8.591" classname="com.hexaware.testscripts.execSuite.UserDel"/>
</testsuite> <!-- Test -->
