<?xml version="1.0" encoding="UTF-8"?>
<!-- Generated by org.testng.reporters.JUnitXMLReporter -->
<testsuite hostname="DESKTOP-C7FOANC" ignored="0" name="Test" tests="10" failures="0" timestamp="2019-10-09T17:34:46 CDT" time="219.953" errors="0">
  <testcase name="scenario1" time="4.592" classname="com.hexaware.testscripts.execSuite.UserRegistratio"/>
  <testcase name="login1" time="2.145" classname="com.hexaware.testscripts.execSuite.LoginScripts"/>
  <testcase name="scenario1" time="3.044" classname="com.hexaware.testscripts.execSuite.ProfileInformationScripts"/>
  <testcase name="EditProfile" time="22.416" classname="com.hexaware.testscripts.execSuite.EditProfileScript2"/>
  <testcase name="scenario2" time="5.767" classname="com.hexaware.testscripts.execSuite.ProjectCreationScript"/>
  <testcase name="scenario1" time="11.386" classname="com.hexaware.testscripts.execSuite.UPMScript"/>
  <testcase name="scenario1" time="11.013" classname="com.hexaware.testscripts.execSuite.ProjectSetupGUI"/>
  <testcase name="scenario8" time="12.132" classname="com.hexaware.testscripts.execSuite.ProjectSetupGUI"/>
  <testcase name="TS_STA" time="19.066" classname="com.hexaware.testscripts.execSuite.StoriesAdm"/>
  <testcase name="scenario1" time="10.415" classname="com.hexaware.testscripts.execSuite.UserDel"/>
</testsuite> <!-- Test -->
